<?xml version="1.0" encoding="UTF-8"?>
<aiml version="2.0">
    <category>
        <pattern>HI</pattern>
        <template>
            <random>
                <li> Hi! Nice to meet you </li>
                <li> Hello, How are you? </li>
                <li> Hello! </li>
            </random>
        </template>
    </category>
    
    <category>
        <pattern>สบายดีไหม</pattern>
        <template>สบายดีจ้า</template>
    </category>

    <category>
        <pattern>นายคือใคร</pattern>
        <template>ฉันคือบอท</template>
    </category>
    
    <category>
        <pattern>ฉันชอบ *</pattern>
        <template>ฉันชอบ <star/> เหมือนกัน</template>
    </category>

    <category>
        <pattern>* มาก่อน *</pattern>
        <template><star index=”1”/> จะมาก่อน <star index=”2”/></template>
    </category>
</aiml>