<?xml version="1.0" encoding="UTF-8"?>
<aiml version="2.0" encoding ="UTF-8">
    <category>
        <pattern>ดีจ้า</pattern>
        <template>
            <random>
            <li> สวัสดีครับ [Random1] </li>
            <li> Hello, How are you? [Random2] </li>
            <li> Hello! [Random3] </li>
            </random>
        </template>
    </category>

    <category>
        <pattern>HELLO</pattern>
        <template>Hello!</template>
    </category>

    <category>
        <pattern>WHO ARE YOU</pattern>
        <template>I am HelloBot</template>
    </category>
    
    <category>
        <pattern>I LIKE *</pattern>
        <template>I like <star/> too.</template>
    </category>

        <category>
        <pattern>สบายดีไหม</pattern>
        <template>สบายดีครับ</template>
    </category>

    <category>
    <pattern>Hi</pattern>
        <template>
            <random>
                <li>Hello!</li>
                <li>Well hello there.</li>
                <li>Howdy.</li>
                <li>Good day.</li>
                <li>Hi, friend.</li>
            </random>
        </template>
    </category>

</aiml>