<?xml version="1.0" encoding="UTF-8"?>
<aiml version="2.0">
    <category>
        <pattern>ดีจ้า</pattern>
        <template>
            <random>
            <li> Hi! Nice to meet you </li>
            <li> Hello, How are you? </li>
            <li> Hello! </li>
            </random>
        </template>
    </category>

    <category>
        <pattern>HELLO</pattern>
        <template>Hello!</template>
    </category>

    <category>
        <pattern>WHO ARE YOU</pattern>
        <template>I am HelloBot</template>
    </category>
    
    <category>
        <pattern>I LIKE *</pattern>
        <template>I like <star/> too.</template>
    </category>
</aiml>